<?xml version="1.0" encoding="UTF-8"?>
<!-- Generated by org.testng.reporters.JUnitXMLReporter -->
<testsuite ignored="0" hostname="Sams-Laptop" failures="1" tests="8" name="Command line test" time="0.418" errors="0" timestamp="2026-06-25T16:17:09 CDT">
  <testcase classname="kawageiser.GeiserAutodocTest$AutodocDataForSymIdTest" name="testToLListForProc1" time="0.122"/>
  <testcase classname="kawageiser.GeiserAutodocTest$AutodocDataForSymIdTest" name="testToLListForProcN" time="0.021"/>
  <testcase classname="kawageiser.GeiserAutodocTest$OperatorArgListDataTest" name="testToLList" time="0.004"/>
  <testcase classname="kawageiser.GeiserAutodocTest" name="testApply2" time="0.034"/>
  <testcase classname="kawageiser.GeiserAutodocTest" name="testLangObjType" time="0.004"/>
  <testcase classname="kawageiser.GeiserTest" name="testEval" time="0.037"/>
  <testcase classname="kawageiser.GeiserJavaLocationTest" name="testLocateStringFormatMembers" time="0.171">
    <failure type="java.lang.AssertionError" message="expected source-resource java/lang/String.java in: ((&amp;quot;matches&amp;quot; ()) (&amp;quot;class&amp;quot; &amp;quot;java.lang.String&amp;quot;)) did not expect to find [true] but found [false]">
      <![CDATA[java.lang.AssertionError: expected source-resource java/lang/String.java in: (("matches" ()) ("class" "java.lang.String")) did not expect to find [true] but found [false]
at kawageiser.GeiserJavaLocationTest.testLocateStringFormatMembers(GeiserJavaLocationTest.java:28)
at java.base/java.util.ArrayList.forEach(ArrayList.java:1604)
... Removed 36 stack frames]]>
    </failure>
  </testcase> <!-- testLocateStringFormatMembers -->
  <testcase classname="kawageiser.GeiserSmokeTest" name="testJavaMemberCompletionContainsFormat" time="0.006"/>
</testsuite> <!-- Command line test -->
