<?xml version="1.0" encoding="UTF-8" ?>
<testsuite tests="8" failures="1" name="TestSuite" time="0.404" errors="0" skipped="0">
  <properties>
[...]
</properties>
  <testcase classname="kawageiser.GeiserAutodocTest$AutodocDataForSymIdTest" name="testToLListForProc1" time="0.123"/>
  <testcase classname="kawageiser.GeiserAutodocTest$AutodocDataForSymIdTest" name="testToLListForProcN" time="0.021"/>
  <testcase classname="kawageiser.GeiserAutodocTest$OperatorArgListDataTest" name="testToLList" time="0.004"/>
  <testcase classname="kawageiser.GeiserAutodocTest" name="testApply2" time="0.035"/>
  <testcase classname="kawageiser.GeiserAutodocTest" name="testLangObjType" time="0.004"/>
  <testcase classname="kawageiser.GeiserTest" name="testEval" time="0.037"/>
  <testcase classname="kawageiser.GeiserJavaLocationTest" name="testLocateStringFormatMembers" time="0.174">
    <failure message="expected source-resource java/lang/String.java in: ((&quot;matches&quot; ()) (&quot;class&quot; &quot;java.lang.String&quot;)) did not expect to find [true] but found [false]" type="java.lang.AssertionError">java.lang.AssertionError: expected source-resource java/lang/String.java in: ((&quot;matches&quot; ()) (&quot;class&quot; &quot;java.lang.String&quot;)) did not expect to find [true] but found [false]
	at org.testng.Assert.fail(Assert.java:97)
	at org.testng.Assert.failNotEquals(Assert.java:969)
	at org.testng.Assert.assertTrue(Assert.java:43)
	at kawageiser.GeiserJavaLocationTest.testLocateStringFormatMembers(GeiserJavaLocationTest.java:28)
</failure>
  </testcase>
  <testcase classname="kawageiser.GeiserSmokeTest" name="testJavaMemberCompletionContainsFormat" time="0.006"/>
</testsuite>