<?xml version="1.0" encoding="UTF-8"?>
<testng-results ignored="0" total="8" passed="7" failed="1" skipped="0">
  <reporter-output>
  </reporter-output>
  <suite started-at="2026-06-25T16:17:09 CDT" name="Command line suite" finished-at="2026-06-25T16:17:09 CDT" duration-ms="418">
    <groups>
    </groups>
    <test started-at="2026-06-25T16:17:09 CDT" name="Command line test" finished-at="2026-06-25T16:17:09 CDT" duration-ms="418">
      <class name="kawageiser.GeiserTest">
        <test-method signature="testEval()[pri:0, instance:kawageiser.GeiserTest@4232c52b]" started-at="2026-06-25T16:17:09 CDT" name="testEval" finished-at="2026-06-25T16:17:09 CDT" duration-ms="37" status="PASS">
          <reporter-output>
          </reporter-output>
        </test-method> <!-- testEval -->
      </class> <!-- kawageiser.GeiserTest -->
      <class name="kawageiser.GeiserAutodocTest">
        <test-method signature="testApply2()[pri:0, instance:kawageiser.GeiserAutodocTest@4493d195]" started-at="2026-06-25T16:17:09 CDT" name="testApply2" finished-at="2026-06-25T16:17:09 CDT" duration-ms="34" status="PASS">
          <reporter-output>
          </reporter-output>
        </test-method> <!-- testApply2 -->
        <test-method signature="testLangObjType()[pri:0, instance:kawageiser.GeiserAutodocTest@4493d195]" started-at="2026-06-25T16:17:09 CDT" name="testLangObjType" finished-at="2026-06-25T16:17:09 CDT" duration-ms="4" status="PASS">
          <reporter-output>
          </reporter-output>
        </test-method> <!-- testLangObjType -->
      </class> <!-- kawageiser.GeiserAutodocTest -->
      <class name="kawageiser.GeiserAutodocTest$OperatorArgListDataTest">
        <test-method signature="testToLList()[pri:0, instance:kawageiser.GeiserAutodocTest$OperatorArgListDataTest@57e1b0c]" started-at="2026-06-25T16:17:09 CDT" name="testToLList" finished-at="2026-06-25T16:17:09 CDT" duration-ms="4" status="PASS">
          <reporter-output>
          </reporter-output>
        </test-method> <!-- testToLList -->
      </class> <!-- kawageiser.GeiserAutodocTest$OperatorArgListDataTest -->
      <class name="kawageiser.GeiserAutodocTest$AutodocDataForSymIdTest">
        <test-method signature="testToLListForProc1()[pri:0, instance:kawageiser.GeiserAutodocTest$AutodocDataForSymIdTest@2781e022]" started-at="2026-06-25T16:17:09 CDT" name="testToLListForProc1" finished-at="2026-06-25T16:17:09 CDT" duration-ms="122" status="PASS">
          <reporter-output>
          </reporter-output>
        </test-method> <!-- testToLListForProc1 -->
        <test-method signature="testToLListForProcN()[pri:0, instance:kawageiser.GeiserAutodocTest$AutodocDataForSymIdTest@2781e022]" started-at="2026-06-25T16:17:09 CDT" name="testToLListForProcN" finished-at="2026-06-25T16:17:09 CDT" duration-ms="21" status="PASS">
          <reporter-output>
          </reporter-output>
        </test-method> <!-- testToLListForProcN -->
      </class> <!-- kawageiser.GeiserAutodocTest$AutodocDataForSymIdTest -->
      <class name="kawageiser.GeiserSmokeTest">
        <test-method signature="testJavaMemberCompletionContainsFormat()[pri:0, instance:kawageiser.GeiserSmokeTest@305fd85d]" started-at="2026-06-25T16:17:09 CDT" name="testJavaMemberCompletionContainsFormat" finished-at="2026-06-25T16:17:09 CDT" duration-ms="6" status="PASS">
          <reporter-output>
          </reporter-output>
        </test-method> <!-- testJavaMemberCompletionContainsFormat -->
      </class> <!-- kawageiser.GeiserSmokeTest -->
      <class name="kawageiser.GeiserJavaLocationTest">
        <test-method signature="testLocateStringFormatMembers()[pri:0, instance:kawageiser.GeiserJavaLocationTest@1877ab81]" started-at="2026-06-25T16:17:09 CDT" name="testLocateStringFormatMembers" finished-at="2026-06-25T16:17:09 CDT" duration-ms="171" status="FAIL">
          <exception class="java.lang.AssertionError">
            <message>
              <![CDATA[expected source-resource java/lang/String.java in: (("matches" ()) ("class" "java.lang.String")) did not expect to find [true] but found [false]]]>
            </message>
            <full-stacktrace>
              <![CDATA[java.lang.AssertionError: expected source-resource java/lang/String.java in: (("matches" ()) ("class" "java.lang.String")) did not expect to find [true] but found [false]
at org.testng.Assert.fail(Assert.java:97)
at org.testng.Assert.failNotEquals(Assert.java:969)
at org.testng.Assert.assertTrue(Assert.java:43)
at kawageiser.GeiserJavaLocationTest.testLocateStringFormatMembers(GeiserJavaLocationTest.java:28)
at java.base/jdk.internal.reflect.DirectMethodHandleAccessor.invoke(DirectMethodHandleAccessor.java:104)
at java.base/java.lang.reflect.Method.invoke(Method.java:565)
at org.testng.internal.MethodInvocationHelper.invokeMethod(MethodInvocationHelper.java:133)
at org.testng.internal.TestInvoker.invokeMethod(TestInvoker.java:584)
at org.testng.internal.TestInvoker.invokeTestMethod(TestInvoker.java:172)
at org.testng.internal.MethodRunner.runInSequence(MethodRunner.java:46)
at org.testng.internal.TestInvoker$MethodInvocationAgent.invoke(TestInvoker.java:804)
at org.testng.internal.TestInvoker.invokeTestMethods(TestInvoker.java:145)
at org.testng.internal.TestMethodWorker.invokeTestMethods(TestMethodWorker.java:146)
at org.testng.internal.TestMethodWorker.run(TestMethodWorker.java:128)
at java.base/java.util.ArrayList.forEach(ArrayList.java:1604)
at org.testng.TestRunner.privateRun(TestRunner.java:770)
at org.testng.TestRunner.run(TestRunner.java:591)
at org.testng.SuiteRunner.runTest(SuiteRunner.java:402)
at org.testng.SuiteRunner.runSequentially(SuiteRunner.java:396)
at org.testng.SuiteRunner.privateRun(SuiteRunner.java:355)
at org.testng.SuiteRunner.run(SuiteRunner.java:304)
at org.testng.SuiteRunnerWorker.runSuite(SuiteRunnerWorker.java:53)
at org.testng.SuiteRunnerWorker.run(SuiteRunnerWorker.java:96)
at org.testng.TestNG.runSuitesSequentially(TestNG.java:1180)
at org.testng.TestNG.runSuitesLocally(TestNG.java:1102)
at org.testng.TestNG.runSuites(TestNG.java:1032)
at org.testng.TestNG.run(TestNG.java:1000)
at org.apache.maven.surefire.testng.TestNGExecutor.run(TestNGExecutor.java:77)
at org.apache.maven.surefire.testng.TestNGDirectoryTestSuite.executeMulti(TestNGDirectoryTestSuite.java:159)
at org.apache.maven.surefire.testng.TestNGDirectoryTestSuite.execute(TestNGDirectoryTestSuite.java:99)
at org.apache.maven.surefire.testng.TestNGProvider.invoke(TestNGProvider.java:106)
at java.base/jdk.internal.reflect.DirectMethodHandleAccessor.invoke(DirectMethodHandleAccessor.java:104)
at java.base/java.lang.reflect.Method.invoke(Method.java:565)
at org.apache.maven.surefire.util.ReflectionUtils.invokeMethodWithArray(ReflectionUtils.java:189)
at org.apache.maven.surefire.booter.ProviderFactory$ProviderProxy.invoke(ProviderFactory.java:165)
at org.apache.maven.surefire.booter.ProviderFactory.invokeProvider(ProviderFactory.java:85)
at org.apache.maven.surefire.booter.ForkedBooter.runSuitesInProcess(ForkedBooter.java:115)
at org.apache.maven.surefire.booter.ForkedBooter.main(ForkedBooter.java:75)
]]>
            </full-stacktrace>
          </exception> <!-- java.lang.AssertionError -->
          <reporter-output>
          </reporter-output>
        </test-method> <!-- testLocateStringFormatMembers -->
      </class> <!-- kawageiser.GeiserJavaLocationTest -->
    </test> <!-- Command line test -->
  </suite> <!-- Command line suite -->
</testng-results>
