<?xml version="1.0" encoding="UTF-8"?>
<!-- Generated by org.testng.reporters.JUnitReportReporter -->
<testsuite hostname="Sams-Laptop" failures="0" tests="2" name="kawageiser.GeiserAutodocTest$AutodocDataForSymIdTest" time="0.143" errors="0" timestamp="2026-06-25T16:17:09 CDT" skipped="0">
  <testcase classname="kawageiser.GeiserAutodocTest$AutodocDataForSymIdTest" name="testToLListForProc1" time="0.122"/>
  <testcase classname="kawageiser.GeiserAutodocTest$AutodocDataForSymIdTest" name="testToLListForProcN" time="0.021"/>
</testsuite> <!-- kawageiser.GeiserAutodocTest$AutodocDataForSymIdTest -->
